<?xml version="1.0" encoding="UTF-8"?>
<testng-results ignored="0" total="2" passed="2" failed="0" skipped="0">
  <reporter-output>
  </reporter-output>
  <suite started-at="2020-10-25T08:36:20 CLST" name="Default suite" finished-at="2020-10-25T08:36:21 CLST" duration-ms="49">
    <groups>
    </groups>
    <test started-at="2020-10-25T08:36:20 CLST" name="Default test" finished-at="2020-10-25T08:36:21 CLST" duration-ms="49">
      <class name="TestJunit.TestConexionBD">
        <test-method signature="testConectar1()[pri:0, instance:TestJunit.TestConexionBD@53976f5c]" started-at="2020-10-25T08:36:21 CLST" name="testConectar1" finished-at="2020-10-25T08:36:21 CLST" duration-ms="20" status="PASS">
          <reporter-output>
          </reporter-output>
        </test-method> <!-- testConectar1 -->
        <test-method signature="testConectar2()[pri:0, instance:TestJunit.TestConexionBD@53976f5c]" started-at="2020-10-25T08:36:21 CLST" name="testConectar2" finished-at="2020-10-25T08:36:21 CLST" duration-ms="1" status="PASS">
          <reporter-output>
          </reporter-output>
        </test-method> <!-- testConectar2 -->
      </class> <!-- TestJunit.TestConexionBD -->
    </test> <!-- Default test -->
  </suite> <!-- Default suite -->
</testng-results>
